=== Text Shaping Comparison Debug Log ===
Timestamp: 2026-01-21T14:47:53.088Z
CanvasKit version: 0.39.1

Total text nodes to process: 288

--- MISMATCH #1 ---
Text: "Complex UI Demo"
Original text: "Complex UI Demo..."
Style: fontSize=48, letterSpacing=0, wordSpacing=0
Text length: 15, Chromium glyphs: 15, CK glyphs: 15
Char codes: 67, 111, 109, 112, 108, 101, 120, 32, 85, 73, 32, 68, 101, 109, 111
Chromium glyphs: [38, 82, 80, 83, 79, 72, 91, 3, 56, 44...]
CanvasKit glyphs: [38, 82, 80, 83, 79, 72, 91, 3, 56, 44...]
Chromium positions: [0.000, 34.664, 63.984, 106.664, 135.984, 149.320, 176.016, 202.711, 216.047, 250.711]
CanvasKit positions: [0.000, 34.664, 61.359, 101.344, 128.039, 138.703, 165.398, 189.398, 202.734, 237.398]
Chromium advances: [34.664, 29.320, 42.680, 29.320, 13.336, 26.695, 26.695, 13.336, 34.664]
CanvasKit advances: [34.664, 26.695, 39.984, 26.695, 10.664, 26.695, 24.000, 13.336, 34.664]
Advance diffs: [0.000, 2.625, 2.696, 2.625, 2.672, 0.000, 2.695, 0.000, 0.000]
Max diff: 16.008, Avg diff: 9.755

--- MISMATCH #2 ---
Text: "Transformed Element"
Original text: "Transformed Element..."
Style: fontSize=32, letterSpacing=0, wordSpacing=0
Text length: 19, Chromium glyphs: 19, CK glyphs: 19
Char codes: 84, 114, 97, 110, 115, 102, 111, 114, 109, 101, 100, 32, 69, 108, 101
Chromium glyphs: [55, 85, 68, 81, 86, 73, 82, 85, 80, 72...]
CanvasKit glyphs: [55, 85, 68, 81, 86, 73, 82, 85, 80, 72...]
Chromium positions: [0.000, 17.781, 30.234, 48.031, 67.578, 85.375, 96.031, 115.578, 128.031, 156.484]
CanvasKit positions: [0.000, 18.359, 29.016, 46.813, 64.609, 80.609, 89.500, 107.297, 117.953, 144.609]
Chromium advances: [17.781, 12.453, 17.797, 19.547, 17.797, 10.656, 19.547, 12.453, 28.453]
CanvasKit advances: [18.359, 10.656, 17.797, 17.797, 16.000, 8.891, 17.797, 10.656, 26.656]
Advance diffs: [-0.578, 1.797, 0.000, 1.750, 1.797, 1.765, 1.750, 1.797, 1.797]
Max diff: 18.953, Avg diff: 9.707

--- MISMATCH #3 ---
Text: "ith CSS transforms"
Original text: "
            Rotated and scaled with CSS transform..."
Style: fontSize=32, letterSpacing=0, wordSpacing=0
Text length: 18, Chromium glyphs: 38, CK glyphs: 18
Char codes: 105, 116, 104, 32, 67, 83, 83, 32, 116, 114, 97, 110, 115, 102, 111
Chromium glyphs: [53, 82, 87, 68, 87, 72, 71, 3, 68, 81...]
CanvasKit glyphs: [76, 87, 75, 3, 38, 54, 54, 3, 87, 85...]
Chromium positions: [0.000, 23.109, 40.906, 49.797, 67.594, 76.484, 94.281, 112.078, 120.969, 138.766]
CanvasKit positions: [0.000, 7.109, 16.000, 33.797, 42.688, 65.797, 87.141, 108.484, 117.375, 126.266]
Reason: length mismatch (Chromium: 38, CK: 18)

--- MISMATCH #4 ---
Text: "Opacity Variations:"
Original text: "Opacity Variations:..."
Style: fontSize=32, letterSpacing=0, wordSpacing=0
Text length: 19, Chromium glyphs: 19, CK glyphs: 19
Char codes: 79, 112, 97, 99, 105, 116, 121, 32, 86, 97, 114, 105, 97, 116, 105
Chromium glyphs: [50, 83, 68, 70, 76, 87, 92, 3, 57, 68...]
CanvasKit glyphs: [50, 83, 68, 70, 76, 87, 92, 3, 57, 68...]
Chromium positions: [0.000, 24.891, 44.438, 62.234, 80.031, 88.922, 99.578, 117.375, 126.266, 145.844]
CanvasKit positions: [0.000, 24.891, 42.688, 60.484, 76.484, 83.594, 92.484, 108.484, 117.375, 136.344]
Chromium advances: [24.891, 19.547, 17.797, 17.797, 8.891, 10.656, 17.797, 8.891, 19.578]
CanvasKit advances: [24.891, 17.797, 17.797, 16.000, 7.109, 8.891, 16.000, 8.891, 18.969]
Advance diffs: [0.000, 1.750, 0.000, 1.797, 1.782, 1.765, 1.797, 0.000, 0.609]
Max diff: 21.922, Avg diff: 9.768

--- MISMATCH #5 ---
Text: "Progress:"
Original text: "Progress:..."
Style: fontSize=32, letterSpacing=0, wordSpacing=0
Text length: 9, Chromium glyphs: 9, CK glyphs: 9
Char codes: 80, 114, 111, 103, 114, 101, 115, 115, 58
Chromium glyphs: [51, 85, 82, 74, 85, 72, 86, 86, 29]
CanvasKit glyphs: [51, 85, 82, 74, 85, 72, 86, 86, 29]
Chromium positions: [0.000, 21.344, 33.797, 53.344, 72.891, 85.344, 103.141, 120.938, 138.734]
CanvasKit positions: [0.000, 21.344, 32.000, 49.797, 67.594, 78.250, 96.047, 112.047, 128.047]
Chromium advances: [21.344, 12.453, 19.547, 19.547, 12.453, 17.797, 17.797, 17.797]
CanvasKit advances: [21.344, 10.656, 17.797, 17.797, 10.656, 17.797, 16.000, 16.000]
Advance diffs: [0.000, 1.797, 1.750, 1.750, 1.797, 0.000, 1.797, 1.797]
Max diff: 10.688, Avg diff: 4.934

--- MISMATCH #6 ---
Text: "Form Elements"
Original text: "Form Elements..."
Style: fontSize=37.439998626709, letterSpacing=0, wordSpacing=0
Text length: 13, Chromium glyphs: 13, CK glyphs: 13
Char codes: 70, 111, 114, 109, 32, 69, 108, 101, 109, 101, 110, 116, 115
Chromium glyphs: [41, 82, 85, 80, 3, 40, 79, 72, 80, 72...]
CanvasKit glyphs: [41, 82, 85, 80, 3, 40, 79, 72, 80, 72...]
Chromium positions: [0.000, 22.864, 45.727, 60.294, 93.575, 103.974, 128.940, 139.339, 160.156, 193.437]
CanvasKit positions: [0.000, 22.868, 43.689, 56.156, 87.342, 97.743, 122.714, 131.031, 151.852, 183.038]
Chromium advances: [22.864, 22.864, 14.566, 33.281, 10.399, 24.966, 10.399, 20.817, 33.281]
CanvasKit advances: [22.868, 20.821, 12.467, 31.186, 10.401, 24.971, 8.317, 20.821, 31.186]
Advance diffs: [-0.004, 2.043, 2.099, 2.095, -0.002, -0.005, 2.082, -0.004, 2.095]
Max diff: 14.501, Avg diff: 6.863

--- MISMATCH #7 ---
Text: "Text Input"
Original text: "Text Input..."
Style: fontSize=32, letterSpacing=0, wordSpacing=0
Text length: 10, Chromium glyphs: 10, CK glyphs: 10
Char codes: 84, 101, 120, 116, 32, 73, 110, 112, 117, 116
Chromium glyphs: [55, 72, 91, 87, 3, 44, 81, 83, 88, 87]
CanvasKit glyphs: [55, 72, 91, 87, 3, 44, 81, 83, 88, 87]
Chromium positions: [0.000, 17.172, 34.969, 52.766, 63.422, 72.313, 81.203, 100.750, 120.297, 139.844]
CanvasKit positions: [0.000, 16.000, 33.797, 49.797, 58.688, 67.578, 76.469, 94.266, 112.063, 129.859]
Chromium advances: [17.172, 17.797, 17.797, 10.656, 8.891, 8.891, 19.547, 19.547, 19.547]
CanvasKit advances: [16.000, 17.797, 16.000, 8.891, 8.891, 8.891, 17.797, 17.797, 17.797]
Advance diffs: [1.172, 0.000, 1.797, 1.765, 0.000, 0.000, 1.750, 1.750, 1.750]
Max diff: 9.984, Avg diff: 4.422

--- MISMATCH #8 ---
Text: "Email Input"
Original text: "Email Input..."
Style: fontSize=32, letterSpacing=0, wordSpacing=0
Text length: 11, Chromium glyphs: 11, CK glyphs: 11
Char codes: 69, 109, 97, 105, 108, 32, 73, 110, 112, 117, 116
Chromium glyphs: [40, 80, 68, 76, 79, 3, 44, 81, 83, 88...]
CanvasKit glyphs: [40, 80, 68, 76, 79, 3, 44, 81, 83, 88...]
Chromium positions: [0.000, 21.344, 49.797, 67.594, 76.484, 85.375, 94.266, 103.156, 122.703, 142.250]
CanvasKit positions: [0.000, 21.344, 48.000, 65.797, 72.906, 80.016, 88.906, 97.797, 115.594, 133.391]
Chromium advances: [21.344, 28.453, 17.797, 8.891, 8.891, 8.891, 8.891, 19.547, 19.547]
CanvasKit advances: [21.344, 26.656, 17.797, 7.109, 7.109, 8.891, 8.891, 17.797, 17.797]
Advance diffs: [0.000, 1.797, 0.000, 1.782, 1.782, 0.000, 0.000, 1.750, 1.750]
Max diff: 10.609, Avg diff: 4.530

--- MISMATCH #9 ---
Text: "Password Input"
Original text: "Password Input..."
Style: fontSize=32, letterSpacing=0, wordSpacing=0
Text length: 14, Chromium glyphs: 14, CK glyphs: 14
Char codes: 80, 97, 115, 115, 119, 111, 114, 100, 32, 73, 110, 112, 117, 116
Chromium glyphs: [51, 68, 86, 86, 90, 82, 85, 71, 3, 44...]
CanvasKit glyphs: [51, 68, 86, 86, 90, 82, 85, 71, 3, 44...]
Chromium positions: [0.000, 21.344, 39.141, 56.938, 74.734, 99.625, 119.172, 131.625, 151.172, 160.063]
CanvasKit positions: [0.000, 21.344, 39.141, 55.141, 71.141, 94.250, 112.047, 122.703, 140.500, 149.391]
Chromium advances: [21.344, 17.797, 17.797, 17.797, 24.891, 19.547, 12.453, 19.547, 8.891]
CanvasKit advances: [21.344, 17.797, 16.000, 16.000, 23.109, 17.797, 10.656, 17.797, 8.891]
Advance diffs: [0.000, 0.000, 1.797, 1.797, 1.782, 1.750, 1.797, 1.750, 0.000]
Max diff: 15.922, Avg diff: 7.239

--- MISMATCH #10 ---
Text: "Dropdown Select"
Original text: "Dropdown Select..."
Style: fontSize=32, letterSpacing=0, wordSpacing=0
Text length: 15, Chromium glyphs: 15, CK glyphs: 15
Char codes: 68, 114, 111, 112, 100, 111, 119, 110, 32, 83, 101, 108, 101, 99, 116
Chromium glyphs: [39, 85, 82, 83, 71, 82, 90, 81, 3, 54...]
CanvasKit glyphs: [39, 85, 82, 83, 71, 82, 90, 81, 3, 54...]
Chromium positions: [0.000, 23.109, 35.563, 55.109, 74.656, 94.203, 113.750, 138.641, 158.188, 167.078]
CanvasKit positions: [0.000, 23.109, 33.766, 51.563, 69.359, 87.156, 104.953, 128.063, 145.859, 154.750]
Chromium advances: [23.109, 12.453, 19.547, 19.547, 19.547, 19.547, 24.891, 19.547, 8.891]
CanvasKit advances: [23.109, 10.656, 17.797, 17.797, 17.797, 17.797, 23.109, 17.797, 8.891]
Advance diffs: [0.000, 1.797, 1.750, 1.750, 1.750, 1.750, 1.782, 1.750, 0.000]
Max diff: 15.906, Avg diff: 8.700

--- MISMATCH #11 ---
Text: "Range Slider"
Original text: "Range Slider..."
Style: fontSize=32, letterSpacing=0, wordSpacing=0
Text length: 12, Chromium glyphs: 12, CK glyphs: 12
Char codes: 82, 97, 110, 103, 101, 32, 83, 108, 105, 100, 101, 114
Chromium glyphs: [53, 68, 81, 74, 72, 3, 54, 79, 76, 71...]
CanvasKit glyphs: [53, 68, 81, 74, 72, 3, 54, 79, 76, 71...]
Chromium positions: [0.000, 23.109, 40.906, 60.453, 80.000, 97.797, 106.688, 128.031, 136.922, 145.813]
CanvasKit positions: [0.000, 23.109, 40.906, 58.703, 76.500, 94.297, 103.188, 124.531, 131.641, 138.750]
Chromium advances: [23.109, 17.797, 19.547, 19.547, 17.797, 8.891, 21.344, 8.891, 8.891]
CanvasKit advances: [23.109, 17.797, 17.797, 17.797, 17.797, 8.891, 21.344, 7.109, 7.109]
Advance diffs: [0.000, 0.000, 1.750, 1.750, 0.000, 0.000, 0.000, 1.782, 1.782]
Max diff: 8.813, Avg diff: 3.810

--- MISMATCH #12 ---
Text: "Textarea"
Original text: "Textarea..."
Style: fontSize=32, letterSpacing=0, wordSpacing=0
Text length: 8, Chromium glyphs: 8, CK glyphs: 8
Char codes: 84, 101, 120, 116, 97, 114, 101, 97
Chromium glyphs: [55, 72, 91, 87, 68, 85, 72, 68]
CanvasKit glyphs: [55, 72, 91, 87, 68, 85, 72, 68]
Chromium positions: [0.000, 17.172, 34.969, 52.766, 63.422, 81.219, 93.672, 111.469]
CanvasKit positions: [0.000, 16.000, 33.797, 49.797, 58.688, 76.484, 87.141, 104.938]
Chromium advances: [17.172, 17.797, 17.797, 10.656, 17.797, 12.453, 17.797]
CanvasKit advances: [16.000, 17.797, 16.000, 8.891, 17.797, 10.656, 17.797]
Advance diffs: [1.172, 0.000, 1.797, 1.765, 0.000, 1.797, 0.000]
Max diff: 6.531, Avg diff: 3.480

--- MISMATCH #13 ---
Text: "Checkboxes"
Original text: "Checkboxes..."
Style: fontSize=32, letterSpacing=0, wordSpacing=0
Text length: 10, Chromium glyphs: 10, CK glyphs: 10
Char codes: 67, 104, 101, 99, 107, 98, 111, 120, 101, 115
Chromium glyphs: [38, 75, 72, 70, 78, 69, 82, 91, 72, 86]
CanvasKit glyphs: [38, 75, 72, 70, 78, 69, 82, 91, 72, 86]
Chromium positions: [0.000, 23.109, 42.656, 60.453, 78.250, 96.047, 115.594, 135.141, 152.938, 170.734]
CanvasKit positions: [0.000, 23.109, 40.906, 58.703, 74.703, 90.703, 108.500, 126.297, 142.297, 160.094]
Chromium advances: [23.109, 19.547, 17.797, 17.797, 17.797, 19.547, 19.547, 17.797, 17.797]
CanvasKit advances: [23.109, 17.797, 17.797, 16.000, 16.000, 17.797, 17.797, 16.000, 17.797]
Advance diffs: [0.000, 1.750, 0.000, 1.797, 1.797, 1.750, 1.750, 1.797, 0.000]
Max diff: 10.641, Avg diff: 4.961

--- MISMATCH #14 ---
Text: "Option A"
Original text: " Option A..."
Style: fontSize=32, letterSpacing=0, wordSpacing=0
Text length: 8, Chromium glyphs: 8, CK glyphs: 8
Char codes: 79, 112, 116, 105, 111, 110, 32, 65
Chromium glyphs: [50, 83, 87, 76, 82, 81, 3, 36]
CanvasKit glyphs: [50, 83, 87, 76, 82, 81, 3, 36]
Chromium positions: [0.000, 24.891, 44.438, 55.094, 63.984, 83.531, 103.078, 110.781]
CanvasKit positions: [0.000, 24.891, 42.688, 51.578, 58.688, 76.484, 94.281, 101.406]
Chromium advances: [24.891, 19.547, 10.656, 8.891, 19.547, 19.547, 7.703]
CanvasKit advances: [24.891, 17.797, 8.891, 7.109, 17.797, 17.797, 7.125]
Advance diffs: [0.000, 1.750, 1.765, 1.782, 1.750, 1.750, 0.578]
Max diff: 9.375, Avg diff: 4.473

--- MISMATCH #15 ---
Text: "Option B"
Original text: " Option B..."
Style: fontSize=32, letterSpacing=0, wordSpacing=0
Text length: 8, Chromium glyphs: 8, CK glyphs: 8
Char codes: 79, 112, 116, 105, 111, 110, 32, 66
Chromium glyphs: [50, 83, 87, 76, 82, 81, 3, 37]
CanvasKit glyphs: [50, 83, 87, 76, 82, 81, 3, 37]
Chromium positions: [0.000, 24.891, 44.438, 55.094, 63.984, 83.531, 103.078, 111.969]
CanvasKit positions: [0.000, 24.891, 42.688, 51.578, 58.688, 76.484, 94.281, 103.172]
Chromium advances: [24.891, 19.547, 10.656, 8.891, 19.547, 19.547, 8.891]
CanvasKit advances: [24.891, 17.797, 8.891, 7.109, 17.797, 17.797, 8.891]
Advance diffs: [0.000, 1.750, 1.765, 1.782, 1.750, 1.750, 0.000]
Max diff: 8.797, Avg diff: 4.400

--- MISMATCH #16 ---
Text: "Option C"
Original text: " Option C..."
Style: fontSize=32, letterSpacing=0, wordSpacing=0
Text length: 8, Chromium glyphs: 8, CK glyphs: 8
Char codes: 79, 112, 116, 105, 111, 110, 32, 67
Chromium glyphs: [50, 83, 87, 76, 82, 81, 3, 38]
CanvasKit glyphs: [50, 83, 87, 76, 82, 81, 3, 38]
Chromium positions: [0.000, 24.891, 44.438, 55.094, 63.984, 83.531, 103.078, 111.969]
CanvasKit positions: [0.000, 24.891, 42.688, 51.578, 58.688, 76.484, 94.281, 103.172]
Chromium advances: [24.891, 19.547, 10.656, 8.891, 19.547, 19.547, 8.891]
CanvasKit advances: [24.891, 17.797, 8.891, 7.109, 17.797, 17.797, 8.891]
Advance diffs: [0.000, 1.750, 1.765, 1.782, 1.750, 1.750, 0.000]
Max diff: 8.797, Avg diff: 4.400

--- MISMATCH #17 ---
Text: "Radio Buttons"
Original text: "Radio Buttons..."
Style: fontSize=32, letterSpacing=0, wordSpacing=0
Text length: 13, Chromium glyphs: 13, CK glyphs: 13
Char codes: 82, 97, 100, 105, 111, 32, 66, 117, 116, 116, 111, 110, 115
Chromium glyphs: [53, 68, 71, 76, 82, 3, 37, 88, 87, 87...]
CanvasKit glyphs: [53, 68, 71, 76, 82, 3, 37, 88, 87, 87...]
Chromium positions: [0.000, 23.109, 40.906, 60.453, 69.344, 88.891, 97.781, 120.891, 140.438, 151.094]
CanvasKit positions: [0.000, 23.109, 40.906, 58.703, 65.813, 83.609, 92.500, 113.844, 131.641, 140.531]
Chromium advances: [23.109, 17.797, 19.547, 8.891, 19.547, 8.891, 23.109, 19.547, 10.656]
CanvasKit advances: [23.109, 17.797, 17.797, 7.109, 17.797, 8.891, 21.344, 17.797, 8.891]
Advance diffs: [0.000, 0.000, 1.750, 1.782, 1.750, 0.000, 1.765, 1.750, 1.765]
Max diff: 15.828, Avg diff: 6.499

--- MISMATCH #18 ---
Text: "Choice 1"
Original text: " Choice 1..."
Style: fontSize=32, letterSpacing=0, wordSpacing=0
Text length: 8, Chromium glyphs: 8, CK glyphs: 8
Char codes: 67, 104, 111, 105, 99, 101, 32, 49
Chromium glyphs: [38, 75, 82, 76, 70, 72, 3, 20]
CanvasKit glyphs: [38, 75, 82, 76, 70, 72, 3, 20]
Chromium positions: [0.000, 23.109, 42.656, 62.203, 71.094, 88.891, 106.688, 115.578]
CanvasKit positions: [0.000, 23.109, 40.906, 58.703, 65.813, 81.813, 99.609, 108.500]
Chromium advances: [23.109, 19.547, 19.547, 8.891, 17.797, 17.797, 8.891]
CanvasKit advances: [23.109, 17.797, 17.797, 7.109, 16.000, 17.797, 8.891]
Advance diffs: [0.000, 1.750, 1.750, 1.782, 1.797, 0.000, 0.000]
Max diff: 7.078, Avg diff: 3.971

--- MISMATCH #19 ---
Text: "Choice 2"
Original text: " Choice 2..."
Style: fontSize=32, letterSpacing=0, wordSpacing=0
Text length: 8, Chromium glyphs: 8, CK glyphs: 8
Char codes: 67, 104, 111, 105, 99, 101, 32, 50
Chromium glyphs: [38, 75, 82, 76, 70, 72, 3, 21]
CanvasKit glyphs: [38, 75, 82, 76, 70, 72, 3, 21]
Chromium positions: [0.000, 23.109, 42.656, 62.203, 71.094, 88.891, 106.688, 115.578]
CanvasKit positions: [0.000, 23.109, 40.906, 58.703, 65.813, 81.813, 99.609, 108.500]
Chromium advances: [23.109, 19.547, 19.547, 8.891, 17.797, 17.797, 8.891]
CanvasKit advances: [23.109, 17.797, 17.797, 7.109, 16.000, 17.797, 8.891]
Advance diffs: [0.000, 1.750, 1.750, 1.782, 1.797, 0.000, 0.000]
Max diff: 7.078, Avg diff: 3.971

--- MISMATCH #20 ---
Text: "Choice 3"
Original text: " Choice 3..."
Style: fontSize=32, letterSpacing=0, wordSpacing=0
Text length: 8, Chromium glyphs: 8, CK glyphs: 8
Char codes: 67, 104, 111, 105, 99, 101, 32, 51
Chromium glyphs: [38, 75, 82, 76, 70, 72, 3, 22]
CanvasKit glyphs: [38, 75, 82, 76, 70, 72, 3, 22]
Chromium positions: [0.000, 23.109, 42.656, 62.203, 71.094, 88.891, 106.688, 115.578]
CanvasKit positions: [0.000, 23.109, 40.906, 58.703, 65.813, 81.813, 99.609, 108.500]
Chromium advances: [23.109, 19.547, 19.547, 8.891, 17.797, 17.797, 8.891]
CanvasKit advances: [23.109, 17.797, 17.797, 7.109, 16.000, 17.797, 8.891]
Advance diffs: [0.000, 1.750, 1.750, 1.782, 1.797, 0.000, 0.000]
Max diff: 7.078, Avg diff: 3.971

--- MISMATCH #21 ---
Text: "Buttons"
Original text: "Buttons..."
Style: fontSize=37.439998626709, letterSpacing=0, wordSpacing=0
Text length: 7, Chromium glyphs: 7, CK glyphs: 7
Char codes: 66, 117, 116, 116, 111, 110, 115
Chromium glyphs: [37, 88, 87, 87, 82, 81, 86]
CanvasKit glyphs: [37, 88, 87, 87, 82, 81, 86]
Chromium positions: [0.000, 27.031, 49.894, 62.359, 74.823, 97.687, 120.551]
CanvasKit positions: [0.000, 24.971, 45.791, 56.193, 66.594, 87.415, 108.236]
Chromium advances: [27.031, 22.864, 12.464, 12.464, 22.864, 22.864]
CanvasKit advances: [24.971, 20.821, 10.401, 10.401, 20.821, 20.821]
Advance diffs: [2.060, 2.043, 2.063, 2.063, 2.043, 2.043]
Max diff: 12.315, Avg diff: 6.164

--- MISMATCH #22 ---
Text: "Data Table"
Original text: "Data Table..."
Style: fontSize=37.439998626709, letterSpacing=0, wordSpacing=0
Text length: 10, Chromium glyphs: 10, CK glyphs: 10
Char codes: 68, 97, 116, 97, 32, 84, 97, 98, 108, 101
Chromium glyphs: [39, 68, 87, 68, 3, 55, 68, 69, 79, 72]
CanvasKit glyphs: [39, 68, 87, 68, 3, 55, 68, 69, 79, 72]
Chromium positions: [0.000, 27.031, 47.848, 60.312, 81.129, 91.528, 111.614, 132.431, 155.294, 165.693]
CanvasKit positions: [0.000, 27.036, 47.857, 58.258, 79.079, 88.804, 107.523, 128.344, 149.165, 157.482]
Chromium advances: [27.031, 20.817, 12.464, 20.817, 10.399, 20.086, 20.817, 22.864, 10.399]
CanvasKit advances: [27.036, 20.821, 10.401, 20.821, 9.725, 18.718, 20.821, 20.821, 8.317]
Advance diffs: [-0.005, -0.004, 2.063, -0.004, 0.674, 1.368, -0.004, 2.043, 2.082]
Max diff: 8.211, Avg diff: 2.936

--- MISMATCH #23 ---
Text: "Name"
Original text: "Name..."
Style: fontSize=26, letterSpacing=0, wordSpacing=0
Text length: 4, Chromium glyphs: 4, CK glyphs: 4
Char codes: 78, 97, 109, 101
Chromium glyphs: [49, 68, 80, 72]
CanvasKit glyphs: [49, 68, 80, 72]
Chromium positions: [0.000, 18.776, 33.236, 56.354]
CanvasKit positions: [0.000, 18.776, 33.236, 54.895]
Chromium advances: [18.776, 14.460, 23.118]
CanvasKit advances: [18.776, 14.460, 21.658]
Advance diffs: [0.000, 0.000, 1.460]
Max diff: 1.460, Avg diff: 0.365

--- MISMATCH #24 ---
Text: "Email"
Original text: "Email..."
Style: fontSize=26, letterSpacing=0, wordSpacing=0
Text length: 5, Chromium glyphs: 5, CK glyphs: 5
Char codes: 69, 109, 97, 105, 108
Chromium glyphs: [40, 80, 68, 76, 79]
CanvasKit glyphs: [40, 80, 68, 76, 79]
Chromium positions: [0.000, 17.342, 40.460, 54.920, 62.144]
CanvasKit positions: [0.000, 17.342, 39.000, 53.460, 59.236]
Chromium advances: [17.342, 23.118, 14.460, 7.224]
CanvasKit advances: [17.342, 21.658, 14.460, 5.776]
Advance diffs: [0.000, 1.460, 0.000, 1.448]
Max diff: 2.907, Avg diff: 1.165

--- MISMATCH #25 ---
Text: "Status"
Original text: "Status..."
Style: fontSize=26, letterSpacing=0, wordSpacing=0
Text length: 6, Chromium glyphs: 6, CK glyphs: 6
Char codes: 83, 116, 97, 116, 117, 115
Chromium glyphs: [54, 87, 68, 87, 88, 86]
CanvasKit glyphs: [54, 87, 68, 87, 88, 86]
Chromium positions: [0.000, 17.342, 26.000, 40.460, 49.118, 65.000]
CanvasKit positions: [0.000, 17.342, 24.565, 39.025, 46.249, 60.709]
Chromium advances: [17.342, 8.658, 14.460, 8.658, 15.882]
CanvasKit advances: [17.342, 7.224, 14.460, 7.224, 14.460]
Advance diffs: [0.000, 1.434, 0.000, 1.434, 1.422]
Max diff: 4.291, Avg diff: 1.672

--- MISMATCH #26 ---
Text: "Role"
Original text: "Role..."
Style: fontSize=26, letterSpacing=0, wordSpacing=0
Text length: 4, Chromium glyphs: 4, CK glyphs: 4
Char codes: 82, 111, 108, 101
Chromium glyphs: [53, 82, 79, 72]
CanvasKit glyphs: [53, 82, 79, 72]
Chromium positions: [0.000, 18.776, 34.658, 41.882]
CanvasKit positions: [0.000, 18.776, 33.236, 39.013]
Chromium advances: [18.776, 15.882, 7.224]
CanvasKit advances: [18.776, 14.460, 5.776]
Advance diffs: [0.000, 1.422, 1.448]
Max diff: 2.869, Avg diff: 1.073

--- MISMATCH #27 ---
Text: "Active"
Original text: "Active..."
Style: fontSize=22, letterSpacing=0, wordSpacing=0
Text length: 6, Chromium glyphs: 6, CK glyphs: 6
Char codes: 65, 99, 116, 105, 118, 101
Chromium glyphs: [36, 70, 87, 76, 89, 72]
CanvasKit glyphs: [36, 70, 87, 76, 89, 72]
Chromium positions: [0.000, 15.888, 28.123, 35.449, 41.562, 53.797]
CanvasKit positions: [0.000, 14.674, 25.674, 31.786, 36.674, 47.674]
Chromium advances: [15.888, 12.235, 7.326, 6.112, 12.235]
CanvasKit advances: [14.674, 11.000, 6.112, 4.888, 11.000]
Advance diffs: [1.214, 1.235, 1.214, 1.224, 1.235]
Max diff: 6.123, Avg diff: 3.056

--- MISMATCH #28 ---
Text: "Active"
Original text: "Active..."
Style: fontSize=22, letterSpacing=0, wordSpacing=0
Text length: 6, Chromium glyphs: 6, CK glyphs: 6
Char codes: 65, 99, 116, 105, 118, 101
Chromium glyphs: [36, 70, 87, 76, 89, 72]
CanvasKit glyphs: [36, 70, 87, 76, 89, 72]
Chromium positions: [0.000, 15.888, 28.123, 35.449, 41.562, 53.797]
CanvasKit positions: [0.000, 14.674, 25.674, 31.786, 36.674, 47.674]
Chromium advances: [15.888, 12.235, 7.326, 6.112, 12.235]
CanvasKit advances: [14.674, 11.000, 6.112, 4.888, 11.000]
Advance diffs: [1.214, 1.235, 1.214, 1.224, 1.235]
Max diff: 6.123, Avg diff: 3.056

--- MISMATCH #29 ---
Text: "Pending"
Original text: "Pending..."
Style: fontSize=22, letterSpacing=0, wordSpacing=0
Text length: 7, Chromium glyphs: 7, CK glyphs: 7
Char codes: 80, 101, 110, 100, 105, 110, 103
Chromium glyphs: [51, 72, 81, 71, 76, 81, 74]
CanvasKit glyphs: [51, 72, 81, 71, 76, 81, 74]
Chromium positions: [0.000, 14.674, 26.909, 40.348, 53.786, 59.898, 73.337]
CanvasKit positions: [0.000, 14.674, 26.909, 39.145, 51.380, 56.268, 68.503]
Chromium advances: [14.674, 12.235, 13.438, 13.438, 6.112, 13.438]
CanvasKit advances: [14.674, 12.235, 12.235, 12.235, 4.888, 12.235]
Advance diffs: [0.000, 0.000, 1.203, 1.203, 1.224, 1.203]
Max diff: 4.834, Avg diff: 1.725

--- MISMATCH #30 ---
Text: "Inactive"
Original text: "Inactive..."
Style: fontSize=22, letterSpacing=0, wordSpacing=0
Text length: 8, Chromium glyphs: 8, CK glyphs: 8
Char codes: 73, 110, 97, 99, 116, 105, 118, 101
Chromium glyphs: [44, 81, 68, 70, 87, 76, 89, 72]
CanvasKit glyphs: [44, 81, 68, 70, 87, 76, 89, 72]
Chromium positions: [0.000, 6.112, 19.551, 31.786, 44.021, 51.348, 57.460, 69.695]
CanvasKit positions: [0.000, 6.112, 18.348, 30.583, 41.583, 47.695, 52.583, 63.583]
Chromium advances: [6.112, 13.438, 12.235, 12.235, 7.326, 6.112, 12.235]
CanvasKit advances: [6.112, 12.235, 12.235, 11.000, 6.112, 4.888, 11.000]
Advance diffs: [0.000, 1.203, 0.000, 1.235, 1.214, 1.224, 1.235]
Max diff: 6.112, Avg diff: 2.436

--- MISMATCH #31 ---
Text: "Team Members"
Original text: "Team Members..."
Style: fontSize=37.439998626709, letterSpacing=0, wordSpacing=0
Text length: 12, Chromium glyphs: 12, CK glyphs: 12
Char codes: 84, 101, 97, 109, 32, 77, 101, 109, 98, 101, 114, 115
Chromium glyphs: [55, 72, 68, 80, 3, 48, 72, 80, 69, 72...]
CanvasKit glyphs: [55, 72, 68, 80, 3, 48, 72, 80, 69, 72...]
Chromium positions: [0.000, 20.086, 40.902, 61.719, 95.001, 105.400, 136.579, 157.396, 190.677, 213.541]
CanvasKit positions: [0.000, 18.718, 39.539, 60.360, 91.546, 101.947, 133.133, 153.954, 185.140, 205.961]
Chromium advances: [20.086, 20.817, 20.817, 33.281, 10.399, 31.179, 20.817, 33.281, 22.864]
CanvasKit advances: [18.718, 20.821, 20.821, 31.186, 10.401, 31.186, 20.821, 31.186, 20.821]
Advance diffs: [1.368, -0.004, -0.004, 2.095, -0.002, -0.007, -0.004, 2.095, 2.043]
Max diff: 9.675, Avg diff: 4.021

--- MISMATCH #32 ---
Text: "JD"
Original text: "JD..."
Style: fontSize=36, letterSpacing=0, wordSpacing=0
Text length: 2, Chromium glyphs: 2, CK glyphs: 2
Char codes: 74, 68
Chromium glyphs: [45, 39]
CanvasKit glyphs: [45, 39]
Chromium positions: [0.000, 20.021]
CanvasKit positions: [0.000, 18.000]
Chromium advances: [20.021]
CanvasKit advances: [18.000]
Advance diffs: [2.021]
Max diff: 2.021, Avg diff: 1.011

--- MISMATCH #33 ---
Text: "Jane Doe"
Original text: "Jane Doe..."
Style: fontSize=32, letterSpacing=0, wordSpacing=0
Text length: 8, Chromium glyphs: 8, CK glyphs: 8
Char codes: 74, 97, 110, 101, 32, 68, 111, 101
Chromium glyphs: [45, 68, 81, 72, 3, 39, 82, 72]
CanvasKit glyphs: [45, 68, 81, 72, 3, 39, 82, 72]
Chromium positions: [0.000, 17.797, 35.594, 55.141, 72.938, 81.828, 104.938, 124.484]
CanvasKit positions: [0.000, 16.000, 33.797, 51.594, 69.391, 78.281, 101.391, 119.188]
Chromium advances: [17.797, 17.797, 19.547, 17.797, 8.891, 23.109, 19.547]
CanvasKit advances: [16.000, 17.797, 17.797, 17.797, 8.891, 23.109, 17.797]
Advance diffs: [1.797, 0.000, 1.750, 0.000, 0.000, 0.000, 1.750]
Max diff: 5.297, Avg diff: 2.885

--- MISMATCH #34 ---
Text: "AB"
Original text: "AB..."
Style: fontSize=36, letterSpacing=0, wordSpacing=0
Text length: 2, Chromium glyphs: 2, CK glyphs: 2
Char codes: 65, 66
Chromium glyphs: [36, 37]
CanvasKit glyphs: [36, 37]
Chromium positions: [0.000, 25.998]
CanvasKit positions: [0.000, 24.012]
Chromium advances: [25.998]
CanvasKit advances: [24.012]
Advance diffs: [1.986]
Max diff: 1.986, Avg diff: 0.993

--- MISMATCH #35 ---
Text: "Alex Brown"
Original text: "Alex Brown..."
Style: fontSize=32, letterSpacing=0, wordSpacing=0
Text length: 10, Chromium glyphs: 10, CK glyphs: 10
Char codes: 65, 108, 101, 120, 32, 66, 114, 111, 119, 110
Chromium glyphs: [36, 79, 72, 91, 3, 37, 85, 82, 90, 81]
CanvasKit glyphs: [36, 79, 72, 91, 3, 37, 85, 82, 90, 81]
Chromium positions: [0.000, 23.109, 32.000, 49.797, 67.594, 76.484, 99.594, 112.047, 131.594, 156.484]
CanvasKit positions: [0.000, 21.344, 28.453, 46.250, 62.250, 71.141, 92.484, 103.141, 120.938, 144.047]
Chromium advances: [23.109, 8.891, 17.797, 17.797, 8.891, 23.109, 12.453, 19.547, 24.891]
CanvasKit advances: [21.344, 7.109, 17.797, 16.000, 8.891, 21.344, 10.656, 17.797, 23.109]
Advance diffs: [1.765, 1.782, 0.000, 1.797, 0.000, 1.765, 1.797, 1.750, 1.782]
Max diff: 12.438, Avg diff: 5.866

--- MISMATCH #36 ---
Text: "Chris Wilson"
Original text: "Chris Wilson..."
Style: fontSize=32, letterSpacing=0, wordSpacing=0
Text length: 12, Chromium glyphs: 12, CK glyphs: 12
Char codes: 67, 104, 114, 105, 115, 32, 87, 105, 108, 115, 111, 110
Chromium glyphs: [38, 75, 85, 76, 86, 3, 58, 76, 79, 86...]
CanvasKit glyphs: [38, 75, 85, 76, 86, 3, 58, 76, 79, 86...]
Chromium positions: [0.000, 23.109, 42.656, 55.109, 64.000, 81.797, 90.688, 120.609, 129.500, 138.391]
CanvasKit positions: [0.000, 23.109, 40.906, 51.563, 58.672, 74.672, 83.563, 113.766, 120.875, 127.984]
Chromium advances: [23.109, 19.547, 12.453, 8.891, 17.797, 8.891, 29.922, 8.891, 8.891]
CanvasKit advances: [23.109, 17.797, 10.656, 7.109, 16.000, 8.891, 30.203, 7.109, 7.109]
Advance diffs: [0.000, 1.750, 1.797, 1.782, 1.797, 0.000, -0.281, 1.782, 1.782]
Max diff: 13.953, Avg diff: 6.409

--- MISMATCH #37 ---
Text: "Tabbed Content"
Original text: "Tabbed Content..."
Style: fontSize=37.439998626709, letterSpacing=0, wordSpacing=0
Text length: 14, Chromium glyphs: 14, CK glyphs: 14
Char codes: 84, 97, 98, 98, 101, 100, 32, 67, 111, 110, 116, 101, 110, 116
Chromium glyphs: [55, 68, 69, 69, 72, 71, 3, 38, 82, 81...]
CanvasKit glyphs: [55, 68, 69, 69, 72, 71, 3, 38, 82, 81...]
Chromium positions: [0.000, 20.086, 40.902, 63.766, 86.630, 107.447, 130.310, 140.710, 167.740, 190.604]
CanvasKit positions: [0.000, 18.718, 39.539, 60.360, 81.181, 102.002, 122.823, 133.225, 160.261, 181.082]
Chromium advances: [20.086, 20.817, 22.864, 22.864, 20.817, 22.864, 10.399, 27.031, 22.864]
CanvasKit advances: [18.718, 20.821, 20.821, 20.821, 20.821, 20.821, 10.401, 27.036, 20.821]
Advance diffs: [1.368, -0.004, 2.043, 2.043, -0.004, 2.043, -0.002, -0.005, 2.043]
Max diff: 15.667, Avg diff: 7.392

--- MISMATCH #38 ---
Text: "Search & Navigation"
Original text: "Search & Navigation..."
Style: fontSize=37.439998626709, letterSpacing=0, wordSpacing=0
Text length: 19, Chromium glyphs: 19, CK glyphs: 19
Char codes: 83, 101, 97, 114, 99, 104, 32, 38, 32, 78, 97, 118, 105, 103, 97
Chromium glyphs: [54, 72, 68, 85, 70, 75, 3, 9, 3, 49...]
CanvasKit glyphs: [54, 72, 68, 85, 70, 75, 3, 9, 3, 49...]
Chromium positions: [0.000, 24.966, 45.782, 66.599, 81.165, 101.982, 124.846, 135.245, 162.276, 172.675]
CanvasKit positions: [0.000, 24.971, 45.791, 66.612, 79.079, 97.798, 118.619, 129.020, 153.991, 164.392]
Chromium advances: [24.966, 20.817, 20.817, 14.566, 20.817, 22.864, 10.399, 27.031, 10.399]
CanvasKit advances: [24.971, 20.821, 20.821, 12.467, 18.719, 20.821, 10.401, 24.971, 10.401]
Advance diffs: [-0.005, -0.004, -0.004, 2.099, 2.098, 2.043, -0.002, 2.060, -0.002]
Max diff: 20.679, Avg diff: 8.397

--- MISMATCH #39 ---
Text: "Notifications"
Original text: "Notifications..."
Style: fontSize=37.439998626709, letterSpacing=0, wordSpacing=0
Text length: 13, Chromium glyphs: 13, CK glyphs: 13
Char codes: 78, 111, 116, 105, 102, 105, 99, 97, 116, 105, 111, 110, 115
Chromium glyphs: [49, 82, 87, 76, 73, 76, 70, 68, 87, 76...]
CanvasKit glyphs: [49, 82, 87, 76, 73, 76, 70, 68, 87, 76...]
Chromium positions: [0.000, 27.031, 49.894, 62.359, 72.758, 85.223, 95.622, 116.439, 137.255, 149.720]
CanvasKit positions: [0.000, 27.036, 47.857, 58.258, 66.576, 76.977, 85.295, 104.013, 124.834, 135.236]
Chromium advances: [27.031, 22.864, 12.464, 10.399, 12.464, 10.399, 20.817, 20.817, 12.464]
CanvasKit advances: [27.036, 20.821, 10.401, 8.317, 10.401, 8.317, 18.719, 20.821, 10.401]
Advance diffs: [-0.005, 2.043, 2.063, 2.082, 2.063, 2.082, 2.098, -0.004, 2.063]
Max diff: 20.652, Avg diff: 9.697

--- MISMATCH #40 ---
Text: "Activity Timeline"
Original text: "Activity Timeline..."
Style: fontSize=37.439998626709, letterSpacing=0, wordSpacing=0
Text length: 17, Chromium glyphs: 17, CK glyphs: 17
Char codes: 65, 99, 116, 105, 118, 105, 116, 121, 32, 84, 105, 109, 101, 108, 105
Chromium glyphs: [36, 70, 87, 76, 89, 76, 87, 92, 3, 55...]
CanvasKit glyphs: [36, 70, 87, 76, 89, 76, 87, 92, 3, 55...]
Chromium positions: [0.000, 27.031, 47.848, 60.312, 70.711, 91.528, 101.927, 114.392, 135.209, 145.608]
CanvasKit positions: [0.000, 24.971, 43.689, 54.091, 62.408, 81.127, 89.444, 99.846, 118.564, 128.289]
Chromium advances: [27.031, 20.817, 12.464, 10.399, 20.817, 10.399, 12.464, 20.817, 10.399]
CanvasKit advances: [24.971, 18.719, 10.401, 8.317, 18.719, 8.317, 10.401, 18.719, 9.725]
Advance diffs: [2.060, 2.098, 2.063, 2.082, 2.098, 2.082, 2.063, 2.098, 0.674]
Max diff: 28.407, Avg diff: 14.925

--- MISMATCH #41 ---
Text: "Pricing"
Original text: "Pricing..."
Style: fontSize=37.439998626709, letterSpacing=0, wordSpacing=0
Text length: 7, Chromium glyphs: 7, CK glyphs: 7
Char codes: 80, 114, 105, 99, 105, 110, 103
Chromium glyphs: [51, 85, 76, 70, 76, 81, 74]
CanvasKit glyphs: [51, 85, 76, 70, 76, 81, 74]
Chromium positions: [0.000, 24.966, 39.532, 49.931, 70.748, 81.147, 104.011]
CanvasKit positions: [0.000, 24.971, 37.438, 45.755, 64.474, 72.791, 93.612]
Chromium advances: [24.966, 14.566, 10.399, 20.817, 10.399, 22.864]
CanvasKit advances: [24.971, 12.467, 8.317, 18.719, 8.317, 20.821]
Advance diffs: [-0.005, 2.099, 2.082, 2.098, 2.082, 2.043]
Max diff: 10.399, Avg diff: 4.472

--- MISMATCH #42 ---
Text: "PROFESSIONAL"
Original text: "PROFESSIONAL..."
Style: fontSize=28, letterSpacing=2, wordSpacing=0
Text length: 12, Chromium glyphs: 12, CK glyphs: 12
Char codes: 80, 82, 79, 70, 69, 83, 83, 73, 79, 78, 65, 76
Chromium glyphs: [51, 53, 50, 41, 40, 54, 54, 44, 50, 49...]
CanvasKit glyphs: [51, 53, 50, 41, 40, 54, 54, 44, 50, 49...]
Chromium positions: [0.000, 20.676, 42.896, 66.676, 85.779, 106.455, 127.131, 147.807, 157.586, 181.365]
CanvasKit positions: [1.000, 21.676, 43.896, 67.676, 86.779, 107.455, 128.131, 148.807, 158.586, 182.365]
Chromium advances: [20.676, 22.221, 23.779, 19.104, 20.676, 20.676, 20.676, 9.779, 23.779]
CanvasKit advances: [20.676, 22.221, 23.779, 19.104, 20.676, 20.676, 20.676, 9.779, 23.779]
Advance diffs: [0.000, 0.000, 0.000, 0.000, 0.000, 0.000, 0.000, 0.000, 0.000]
Max diff: 1.000, Avg diff: 1.000

--- MISMATCH #43 ---
Text: "nth"
Original text: "/month..."
Style: fontSize=28, letterSpacing=0, wordSpacing=0
Text length: 3, Chromium glyphs: 6, CK glyphs: 3
Char codes: 110, 116, 104
Chromium glyphs: [18, 80, 82, 81, 87, 75]
CanvasKit glyphs: [81, 87, 75]
Chromium positions: [0.000, 7.779, 31.104, 46.676, 62.248, 70.027]
CanvasKit positions: [0.000, 15.572, 23.352]
Reason: length mismatch (Chromium: 6, CK: 3)

--- MISMATCH #44 ---
Text: "Modal Dialog"
Original text: "Modal Dialog..."
Style: fontSize=37.439998626709, letterSpacing=0, wordSpacing=0
Text length: 12, Chromium glyphs: 12, CK glyphs: 12
Char codes: 77, 111, 100, 97, 108, 32, 68, 105, 97, 108, 111, 103
Chromium glyphs: [48, 82, 71, 68, 79, 3, 39, 76, 68, 79...]
CanvasKit glyphs: [48, 82, 71, 68, 79, 3, 39, 76, 68, 79...]
Chromium positions: [0.000, 31.179, 54.043, 76.907, 97.724, 108.123, 118.522, 145.553, 155.952, 176.769]
CanvasKit positions: [0.000, 31.186, 52.007, 72.828, 93.649, 101.966, 112.367, 139.404, 147.721, 168.542]
Chromium advances: [31.179, 22.864, 22.864, 20.817, 10.399, 10.399, 27.031, 10.399, 20.817]
CanvasKit advances: [31.186, 20.821, 20.821, 20.821, 8.317, 10.401, 27.036, 8.317, 20.821]
Advance diffs: [-0.007, 2.043, 2.043, -0.004, 2.082, -0.002, -0.005, 2.082, -0.004]
Max diff: 12.352, Avg diff: 5.648

--- MISMATCH #45 ---
Text: "Confirm Action"
Original text: "Confirm Action..."
Style: fontSize=32, letterSpacing=0, wordSpacing=0
Text length: 14, Chromium glyphs: 14, CK glyphs: 14
Char codes: 67, 111, 110, 102, 105, 114, 109, 32, 65, 99, 116, 105, 111, 110
Chromium glyphs: [38, 82, 81, 73, 76, 85, 80, 3, 36, 70...]
CanvasKit glyphs: [38, 82, 81, 73, 76, 85, 80, 3, 36, 70...]
Chromium positions: [0.000, 23.109, 42.656, 62.203, 72.859, 81.750, 94.203, 122.656, 130.359, 153.469]
CanvasKit positions: [0.000, 23.109, 40.906, 58.703, 67.594, 74.703, 85.359, 112.016, 119.141, 140.484]
Chromium advances: [23.109, 19.547, 19.547, 10.656, 8.891, 12.453, 28.453, 7.703, 23.109]
CanvasKit advances: [23.109, 17.797, 17.797, 8.891, 7.109, 10.656, 26.656, 7.125, 21.344]
Advance diffs: [0.000, 1.750, 1.750, 1.765, 1.782, 1.797, 1.797, 0.578, 1.765]
Max diff: 20.078, Avg diff: 9.356

--- MISMATCH #46 ---
Text: "Loading Skeleton"
Original text: "Loading Skeleton..."
Style: fontSize=37.439998626709, letterSpacing=0, wordSpacing=0
Text length: 16, Chromium glyphs: 16, CK glyphs: 16
Char codes: 76, 111, 97, 100, 105, 110, 103, 32, 83, 107, 101, 108, 101, 116, 111
Chromium glyphs: [47, 82, 68, 71, 76, 81, 74, 3, 54, 78...]
CanvasKit glyphs: [47, 82, 68, 71, 76, 81, 74, 3, 54, 78...]
Chromium positions: [0.000, 22.864, 45.727, 66.544, 89.408, 99.807, 122.671, 145.535, 155.934, 180.899]
CanvasKit positions: [0.000, 20.821, 41.642, 62.463, 83.284, 91.601, 112.422, 133.243, 143.644, 168.615]
Chromium advances: [22.864, 22.864, 20.817, 22.864, 10.399, 22.864, 22.864, 10.399, 24.966]
CanvasKit advances: [20.821, 20.821, 20.821, 20.821, 8.317, 20.821, 20.821, 10.401, 24.971]
Advance diffs: [2.043, 2.043, -0.004, 2.043, 2.082, 2.043, 2.043, -0.002, -0.005]
Max diff: 20.562, Avg diff: 10.776

--- MISMATCH #47 ---
Text: "Tooltip"
Original text: "Tooltip..."
Style: fontSize=37.439998626709, letterSpacing=0, wordSpacing=0
Text length: 7, Chromium glyphs: 7, CK glyphs: 7
Char codes: 84, 111, 111, 108, 116, 105, 112
Chromium glyphs: [55, 82, 82, 79, 87, 76, 83]
CanvasKit glyphs: [55, 82, 82, 79, 87, 76, 83]
Chromium positions: [0.000, 20.086, 42.949, 65.813, 76.212, 88.677, 99.076]
CanvasKit positions: [0.000, 18.718, 39.539, 60.360, 68.678, 79.079, 87.397]
Chromium advances: [20.086, 22.864, 22.864, 10.399, 12.464, 10.399]
CanvasKit advances: [18.718, 20.821, 20.821, 8.317, 10.401, 8.317]
Advance diffs: [1.368, 2.043, 2.043, 2.082, 2.063, 2.082]
Max diff: 11.680, Avg diff: 5.577

--- MISMATCH #48 ---
Text: "Overflow Property"
Original text: "Overflow Property..."
Style: fontSize=37.439998626709, letterSpacing=0, wordSpacing=0
Text length: 17, Chromium glyphs: 17, CK glyphs: 17
Char codes: 79, 118, 101, 114, 102, 108, 111, 119, 32, 80, 114, 111, 112, 101, 114
Chromium glyphs: [50, 89, 72, 85, 73, 79, 82, 90, 3, 51...]
CanvasKit glyphs: [50, 89, 72, 85, 73, 79, 82, 90, 3, 51...]
Chromium positions: [0.000, 29.114, 49.931, 70.748, 85.314, 97.779, 108.178, 131.041, 160.156, 170.555]
CanvasKit positions: [0.000, 29.120, 47.839, 68.660, 81.127, 91.528, 99.846, 120.666, 147.703, 158.104]
Chromium advances: [29.114, 20.817, 20.817, 14.566, 12.464, 10.399, 22.864, 29.114, 10.399]
CanvasKit advances: [29.120, 18.719, 20.821, 12.467, 10.401, 8.317, 20.821, 27.036, 10.401]
Advance diffs: [-0.006, 2.098, -0.004, 2.099, 2.063, 2.082, 2.043, 2.078, -0.002]
Max diff: 22.789, Avg diff: 10.740

--- MISMATCH #49 ---
Text: "Mix Blend Mode"
Original text: "Mix Blend Mode..."
Style: fontSize=37.439998626709, letterSpacing=0, wordSpacing=0
Text length: 14, Chromium glyphs: 14, CK glyphs: 14
Char codes: 77, 105, 120, 32, 66, 108, 101, 110, 100, 32, 77, 111, 100, 101
Chromium glyphs: [48, 76, 91, 3, 37, 79, 72, 81, 71, 3...]
CanvasKit glyphs: [48, 76, 91, 3, 37, 79, 72, 81, 71, 3...]
Chromium positions: [0.000, 31.179, 41.579, 62.395, 72.795, 99.825, 110.225, 131.042, 153.905, 176.769]
CanvasKit positions: [0.000, 31.186, 39.503, 58.222, 68.623, 93.594, 101.911, 122.732, 143.553, 164.374]
Chromium advances: [31.179, 10.399, 20.817, 10.399, 27.031, 10.399, 20.817, 22.864, 22.864]
CanvasKit advances: [31.186, 8.317, 18.719, 10.401, 24.971, 8.317, 20.821, 20.821, 20.821]
Advance diffs: [-0.007, 2.082, 2.098, -0.002, 2.060, 2.082, -0.004, 2.043, 2.043]
Max diff: 16.472, Avg diff: 7.979

--- MISMATCH #50 ---
Text: "multiply"
Original text: "multiply..."
Style: fontSize=18, letterSpacing=0, wordSpacing=0
Text length: 8, Chromium glyphs: 8, CK glyphs: 8
Char codes: 109, 117, 108, 116, 105, 112, 108, 121
Chromium glyphs: [80, 88, 79, 87, 76, 83, 79, 92]
CanvasKit glyphs: [80, 88, 79, 87, 76, 83, 79, 92]
Chromium positions: [0.000, 16.005, 27.000, 32.001, 37.995, 42.996, 53.991, 58.992]
CanvasKit positions: [0.000, 14.994, 25.005, 29.004, 34.005, 38.004, 48.015, 52.014]
Chromium advances: [16.005, 10.995, 5.001, 5.994, 5.001, 10.995, 5.001]
CanvasKit advances: [14.994, 10.011, 3.999, 5.001, 3.999, 10.011, 3.999]
Advance diffs: [1.011, 0.984, 1.002, 0.993, 1.002, 0.984, 1.002]
Max diff: 6.979, Avg diff: 3.493

--- MISMATCH #51 ---
Text: "screen"
Original text: "screen..."
Style: fontSize=18, letterSpacing=0, wordSpacing=0
Text length: 6, Chromium glyphs: 6, CK glyphs: 6
Char codes: 115, 99, 114, 101, 101, 110
Chromium glyphs: [86, 70, 85, 72, 72, 81]
CanvasKit glyphs: [86, 70, 85, 72, 72, 81]
Chromium positions: [0.000, 10.011, 20.021, 27.026, 37.037, 47.048]
CanvasKit positions: [0.000, 9.000, 18.000, 23.994, 34.005, 44.016]
Chromium advances: [10.011, 10.011, 7.005, 10.011, 10.011]
CanvasKit advances: [9.000, 9.000, 5.994, 10.011, 10.011]
Advance diffs: [1.011, 1.011, 1.011, 0.000, 0.000]
Max diff: 3.032, Avg diff: 2.021

--- MISMATCH #52 ---
Text: "overlay"
Original text: "overlay..."
Style: fontSize=18, letterSpacing=0, wordSpacing=0
Text length: 7, Chromium glyphs: 7, CK glyphs: 7
Char codes: 111, 118, 101, 114, 108, 97, 121
Chromium glyphs: [82, 89, 72, 85, 79, 68, 92]
CanvasKit glyphs: [82, 89, 72, 85, 79, 68, 92]
Chromium positions: [0.000, 10.995, 21.006, 31.017, 38.021, 43.022, 53.033]
CanvasKit positions: [0.000, 10.011, 19.011, 29.021, 35.016, 39.015, 49.025]
Chromium advances: [10.995, 10.011, 10.011, 7.005, 5.001, 10.011]
CanvasKit advances: [10.011, 9.000, 10.011, 5.994, 3.999, 10.011]
Advance diffs: [0.984, 1.011, 0.000, 1.011, 1.002, 0.000]
Max diff: 4.008, Avg diff: 2.285

--- MISMATCH #53 ---
Text: "Blur Effects"
Original text: "Blur Effects..."
Style: fontSize=37.439998626709, letterSpacing=0, wordSpacing=0
Text length: 12, Chromium glyphs: 12, CK glyphs: 12
Char codes: 66, 108, 117, 114, 32, 69, 102, 102, 101, 99, 116, 115
Chromium glyphs: [37, 79, 88, 85, 3, 40, 73, 73, 72, 70...]
CanvasKit glyphs: [37, 79, 88, 85, 3, 40, 73, 73, 72, 70...]
Chromium positions: [0.000, 27.031, 37.430, 60.294, 74.860, 85.259, 110.225, 122.689, 135.154, 155.970]
CanvasKit positions: [0.000, 24.971, 33.288, 54.109, 66.576, 76.977, 101.948, 111.673, 122.074, 142.895]
Chromium advances: [27.031, 10.399, 22.864, 14.566, 10.399, 24.966, 12.464, 12.464, 20.817]
CanvasKit advances: [24.971, 8.317, 20.821, 12.467, 10.401, 24.971, 9.725, 10.401, 20.821]
Advance diffs: [2.060, 2.082, 2.043, 2.099, -0.002, -0.005, 2.739, 2.063, -0.004]
Max diff: 17.237, Avg diff: 8.901

--- MISMATCH #54 ---
Text: "CSS Transforms"
Original text: "CSS Transforms..."
Style: fontSize=37.439998626709, letterSpacing=0, wordSpacing=0
Text length: 14, Chromium glyphs: 14, CK glyphs: 14
Char codes: 67, 83, 83, 32, 84, 114, 97, 110, 115, 102, 111, 114, 109, 115
Chromium glyphs: [38, 54, 54, 3, 55, 85, 68, 81, 86, 73...]
CanvasKit glyphs: [38, 54, 54, 3, 55, 85, 68, 81, 86, 73...]
Chromium positions: [0.000, 27.031, 51.996, 76.962, 87.361, 108.160, 122.726, 143.543, 166.406, 187.223]
CanvasKit positions: [0.000, 27.036, 52.007, 76.977, 86.702, 108.181, 120.648, 141.469, 162.290, 181.009]
Chromium advances: [27.031, 24.966, 24.966, 10.399, 20.798, 14.566, 20.817, 22.864, 20.817]
CanvasKit advances: [27.036, 24.971, 24.971, 9.725, 21.479, 12.467, 20.821, 20.821, 18.719]
Advance diffs: [-0.005, -0.005, -0.005, 0.674, -0.681, 2.099, -0.004, 2.043, 2.098]
Max diff: 14.515, Avg diff: 4.338

--- MISMATCH #55 ---
Text: "Transform Origin"
Original text: "Transform Origin..."
Style: fontSize=37.439998626709, letterSpacing=0, wordSpacing=0
Text length: 16, Chromium glyphs: 16, CK glyphs: 16
Char codes: 84, 114, 97, 110, 115, 102, 111, 114, 109, 32, 79, 114, 105, 103, 105
Chromium glyphs: [55, 85, 68, 81, 86, 73, 82, 85, 80, 3...]
CanvasKit glyphs: [55, 85, 68, 81, 86, 73, 82, 85, 80, 3...]
Chromium positions: [0.000, 20.798, 35.365, 56.182, 79.045, 99.862, 112.326, 135.190, 149.756, 183.038]
CanvasKit positions: [0.000, 21.479, 33.946, 54.767, 75.588, 94.307, 104.708, 125.529, 137.996, 169.182]
Chromium advances: [20.798, 14.566, 20.817, 22.864, 20.817, 12.464, 22.864, 14.566, 33.281]
CanvasKit advances: [21.479, 12.467, 20.821, 20.821, 18.719, 10.401, 20.821, 12.467, 31.186]
Advance diffs: [-0.681, 2.099, -0.004, 2.043, 2.098, 2.063, 2.043, 2.099, 2.095]
Max diff: 22.154, Avg diff: 9.958

--- MISMATCH #56 ---
Text: "Perspective"
Original text: "Perspective..."
Style: fontSize=37.439998626709, letterSpacing=0, wordSpacing=0
Text length: 11, Chromium glyphs: 11, CK glyphs: 11
Char codes: 80, 101, 114, 115, 112, 101, 99, 116, 105, 118, 101
Chromium glyphs: [51, 72, 85, 86, 83, 72, 70, 87, 76, 89...]
CanvasKit glyphs: [51, 72, 85, 86, 83, 72, 70, 87, 76, 89...]
Chromium positions: [0.000, 24.966, 45.782, 60.349, 81.165, 104.029, 124.846, 145.663, 158.127, 168.526]
CanvasKit positions: [0.000, 24.971, 45.791, 58.258, 76.977, 97.798, 118.619, 137.338, 147.739, 156.057]
Chromium advances: [24.966, 20.817, 14.566, 20.817, 22.864, 20.817, 20.817, 12.464, 10.399]
CanvasKit advances: [24.971, 20.821, 12.467, 18.719, 20.821, 20.821, 18.719, 10.401, 8.317]
Advance diffs: [-0.005, -0.004, 2.099, 2.098, 2.043, -0.004, 2.098, 2.063, 2.082]
Max diff: 14.568, Avg diff: 5.864

--- MISMATCH #57 ---
Text: "3D Transform (preserve-3d)"
Original text: "3D Transform (preserve-3d)..."
Style: fontSize=37.439998626709, letterSpacing=0, wordSpacing=0
Text length: 26, Chromium glyphs: 26, CK glyphs: 26
Char codes: 51, 68, 32, 84, 114, 97, 110, 115, 102, 111, 114, 109, 32, 40, 112
Chromium glyphs: [22, 39, 3, 55, 85, 68, 81, 86, 73, 82...]
CanvasKit glyphs: [22, 39, 3, 55, 85, 68, 81, 86, 73, 82...]
Chromium positions: [0.000, 20.817, 47.848, 58.247, 79.045, 93.612, 114.428, 137.292, 158.109, 170.573]
CanvasKit positions: [0.000, 20.821, 47.857, 57.582, 79.061, 91.528, 112.349, 133.170, 151.889, 162.290]
Chromium advances: [20.817, 27.031, 10.399, 20.798, 14.566, 20.817, 22.864, 20.817, 12.464]
CanvasKit advances: [20.821, 27.036, 9.725, 21.479, 12.467, 20.821, 20.821, 18.719, 10.401]
Advance diffs: [-0.004, -0.005, 0.674, -0.681, 2.099, -0.004, 2.043, 2.098, 2.063]
Max diff: 26.977, Avg diff: 12.875

--- MISMATCH #58 ---
Text: "Bo"
Original text: "Bo..."
Style: fontSize=24, letterSpacing=0, wordSpacing=0
Text length: 2, Chromium glyphs: 2, CK glyphs: 2
Char codes: 66, 111
Chromium glyphs: [37, 82]
CanvasKit glyphs: [37, 82]
Chromium positions: [0.000, 17.332]
CanvasKit positions: [0.000, 16.008]
Chromium advances: [17.332]
CanvasKit advances: [16.008]
Advance diffs: [1.324]
Max diff: 1.324, Avg diff: 0.662

--- MISMATCH #59 ---
Text: "Backface Visibility"
Original text: "Backface Visibility..."
Style: fontSize=37.439998626709, letterSpacing=0, wordSpacing=0
Text length: 19, Chromium glyphs: 19, CK glyphs: 19
Char codes: 66, 97, 99, 107, 102, 97, 99, 101, 32, 86, 105, 115, 105, 98, 105
Chromium glyphs: [37, 68, 70, 78, 73, 68, 70, 72, 3, 57...]
CanvasKit glyphs: [37, 68, 70, 78, 73, 68, 70, 72, 3, 57...]
Chromium positions: [0.000, 27.031, 47.848, 68.664, 89.481, 101.946, 122.762, 143.579, 164.396, 174.795]
CanvasKit positions: [0.000, 24.971, 45.791, 64.510, 83.229, 93.630, 114.451, 133.170, 153.991, 164.392]
Chromium advances: [27.031, 20.817, 20.817, 20.817, 12.464, 20.817, 20.817, 20.817, 10.399]
CanvasKit advances: [24.971, 20.821, 18.719, 18.719, 10.401, 20.821, 18.719, 20.821, 10.401]
Advance diffs: [2.060, -0.004, 2.098, 2.098, 2.063, -0.004, 2.098, -0.004, -0.002]
Max diff: 27.011, Avg diff: 12.147

--- MISMATCH #60 ---
Text: "Background Clip"
Original text: "Background Clip..."
Style: fontSize=37.439998626709, letterSpacing=0, wordSpacing=0
Text length: 15, Chromium glyphs: 15, CK glyphs: 15
Char codes: 66, 97, 99, 107, 103, 114, 111, 117, 110, 100, 32, 67, 108, 105, 112
Chromium glyphs: [37, 68, 70, 78, 74, 85, 82, 88, 81, 71...]
CanvasKit glyphs: [37, 68, 70, 78, 74, 85, 82, 88, 81, 71...]
Chromium positions: [0.000, 27.031, 47.848, 68.664, 89.481, 112.345, 126.911, 149.775, 172.638, 195.502]
CanvasKit positions: [0.000, 24.971, 45.791, 64.510, 83.229, 104.050, 116.517, 137.338, 158.159, 178.980]
Chromium advances: [27.031, 20.817, 20.817, 20.817, 22.864, 14.566, 22.864, 22.864, 22.864]
CanvasKit advances: [24.971, 20.821, 18.719, 18.719, 20.821, 12.467, 20.821, 20.821, 20.821]
Advance diffs: [2.060, -0.004, 2.098, 2.098, 2.043, 2.099, 2.043, 2.043, 2.043]
Max diff: 22.721, Avg diff: 11.713

--- MISMATCH #61 ---
Text: "Gradient Text Clip"
Original text: "Gradient Text Clip..."
Style: fontSize=56, letterSpacing=0, wordSpacing=0
Text length: 18, Chromium glyphs: 18, CK glyphs: 18
Char codes: 71, 114, 97, 100, 105, 101, 110, 116, 32, 84, 101, 120, 116, 32, 67
Chromium glyphs: [42, 85, 68, 71, 76, 72, 81, 87, 3, 55...]
CanvasKit glyphs: [42, 85, 68, 71, 76, 72, 81, 87, 3, 55...]
Chromium positions: [0.000, 43.559, 65.352, 96.496, 130.703, 146.262, 177.406, 211.613, 230.262, 245.820]
CanvasKit positions: [0.000, 43.559, 62.207, 93.352, 124.496, 136.938, 168.082, 199.227, 214.785, 229.332]
Chromium advances: [43.559, 21.793, 31.145, 34.207, 15.559, 31.145, 34.207, 18.648, 15.559]
CanvasKit advances: [43.559, 18.648, 31.145, 31.145, 12.441, 31.145, 31.145, 15.559, 14.547]
Advance diffs: [0.000, 3.145, 0.000, 3.062, 3.118, 0.000, 3.062, 3.089, 1.012]
Max diff: 31.008, Avg diff: 14.860

--- MISMATCH #62 ---
Text: "Border Styles"
Original text: "Border Styles..."
Style: fontSize=37.439998626709, letterSpacing=0, wordSpacing=0
Text length: 13, Chromium glyphs: 13, CK glyphs: 13
Char codes: 66, 111, 114, 100, 101, 114, 32, 83, 116, 121, 108, 101, 115
Chromium glyphs: [37, 82, 85, 71, 72, 85, 3, 54, 87, 92...]
CanvasKit glyphs: [37, 82, 85, 71, 72, 85, 3, 54, 87, 92...]
Chromium positions: [0.000, 27.031, 49.894, 64.461, 87.324, 108.141, 122.707, 133.107, 158.072, 170.537]
CanvasKit positions: [0.000, 24.971, 45.791, 58.258, 79.079, 99.900, 112.367, 122.769, 147.739, 158.141]
Chromium advances: [27.031, 22.864, 14.566, 22.864, 20.817, 14.566, 10.399, 24.966, 12.464]
CanvasKit advances: [24.971, 20.821, 12.467, 20.821, 20.821, 12.467, 10.401, 24.971, 10.401]
Advance diffs: [2.060, 2.043, 2.099, 2.043, -0.004, 2.099, -0.002, -0.005, 2.063]
Max diff: 16.576, Avg diff: 9.223

--- MISMATCH #63 ---
Text: "Border Radius"
Original text: "Border Radius..."
Style: fontSize=37.439998626709, letterSpacing=0, wordSpacing=0
Text length: 13, Chromium glyphs: 13, CK glyphs: 13
Char codes: 66, 111, 114, 100, 101, 114, 32, 82, 97, 100, 105, 117, 115
Chromium glyphs: [37, 82, 85, 71, 72, 85, 3, 53, 68, 71...]
CanvasKit glyphs: [37, 82, 85, 71, 72, 85, 3, 53, 68, 71...]
Chromium positions: [0.000, 27.031, 49.894, 64.461, 87.324, 108.141, 122.707, 133.107, 160.137, 180.954]
CanvasKit positions: [0.000, 24.971, 45.791, 58.258, 79.079, 99.900, 112.367, 122.769, 149.805, 170.626]
Chromium advances: [27.031, 22.864, 14.566, 22.864, 20.817, 14.566, 10.399, 27.031, 20.817]
CanvasKit advances: [24.971, 20.821, 12.467, 20.821, 20.821, 12.467, 10.401, 27.036, 20.821]
Advance diffs: [2.060, 2.043, 2.099, 2.043, -0.004, 2.099, -0.002, -0.005, -0.004]
Max diff: 16.496, Avg diff: 8.732

--- MISMATCH #64 ---
Text: "Outline"
Original text: "Outline..."
Style: fontSize=37.439998626709, letterSpacing=0, wordSpacing=0
Text length: 7, Chromium glyphs: 7, CK glyphs: 7
Char codes: 79, 117, 116, 108, 105, 110, 101
Chromium glyphs: [50, 88, 87, 79, 76, 81, 72]
CanvasKit glyphs: [50, 88, 87, 79, 76, 81, 72]
Chromium positions: [0.000, 29.114, 51.978, 64.442, 74.842, 85.241, 108.105]
CanvasKit positions: [0.000, 29.120, 49.941, 60.342, 68.660, 76.977, 97.798]
Chromium advances: [29.114, 22.864, 12.464, 10.399, 10.399, 22.864]
CanvasKit advances: [29.120, 20.821, 10.401, 8.317, 8.317, 20.821]
Advance diffs: [-0.006, 2.043, 2.063, 2.082, 2.082, 2.043]
Max diff: 10.307, Avg diff: 4.414

--- MISMATCH #65 ---
Text: "Text Fill & Stroke"
Original text: "Text Fill & Stroke..."
Style: fontSize=37.439998626709, letterSpacing=0, wordSpacing=0
Text length: 18, Chromium glyphs: 18, CK glyphs: 18
Char codes: 84, 101, 120, 116, 32, 70, 105, 108, 108, 32, 38, 32, 83, 116, 114
Chromium glyphs: [55, 72, 91, 87, 3, 41, 76, 79, 79, 3...]
CanvasKit glyphs: [55, 72, 91, 87, 3, 41, 76, 79, 79, 3...]
Chromium positions: [0.000, 20.086, 40.902, 61.719, 74.184, 84.583, 107.447, 117.846, 128.245, 138.644]
CanvasKit positions: [0.000, 18.718, 39.539, 58.258, 68.660, 79.061, 101.929, 110.247, 118.564, 126.881]
Chromium advances: [20.086, 20.817, 20.817, 12.464, 10.399, 22.864, 10.399, 10.399, 10.399]
CanvasKit advances: [18.718, 20.821, 18.719, 10.401, 10.401, 22.868, 8.317, 8.317, 8.317]
Advance diffs: [1.368, -0.004, 2.098, 2.063, -0.002, -0.004, 2.082, 2.082, 2.082]
Max diff: 22.117, Avg diff: 10.056

--- MISMATCH #66 ---
Text: "Gradient Fill Text"
Original text: "Gradient Fill Text..."
Style: fontSize=48, letterSpacing=0, wordSpacing=0
Text length: 18, Chromium glyphs: 18, CK glyphs: 18
Char codes: 71, 114, 97, 100, 105, 101, 110, 116, 32, 70, 105, 108, 108, 32, 84
Chromium glyphs: [42, 85, 68, 71, 76, 72, 81, 87, 3, 41...]
CanvasKit glyphs: [42, 85, 68, 71, 76, 72, 81, 87, 3, 41...]
Chromium positions: [0.000, 37.336, 56.016, 82.711, 112.031, 125.367, 152.063, 181.383, 197.367, 210.703]
CanvasKit positions: [0.000, 37.336, 53.320, 80.016, 106.711, 117.375, 144.070, 170.766, 184.102, 197.438]
Chromium advances: [37.336, 18.680, 26.695, 29.320, 13.336, 26.695, 29.320, 15.984, 13.336]
CanvasKit advances: [37.336, 15.984, 26.695, 26.695, 10.664, 26.695, 26.695, 13.336, 13.336]
Advance diffs: [0.000, 2.696, 0.000, 2.625, 2.672, 0.000, 2.625, 2.648, 0.000]
Max diff: 26.602, Avg diff: 12.750

--- MISMATCH #67 ---
Text: "Stroked Text"
Original text: "Stroked Text..."
Style: fontSize=56, letterSpacing=0, wordSpacing=0
Text length: 12, Chromium glyphs: 12, CK glyphs: 12
Char codes: 83, 116, 114, 111, 107, 101, 100, 32, 84, 101, 120, 116
Chromium glyphs: [54, 87, 85, 82, 78, 72, 71, 3, 55, 72...]
CanvasKit glyphs: [54, 87, 85, 82, 78, 72, 71, 3, 55, 72...]
Chromium positions: [0.000, 37.352, 56.000, 77.793, 112.000, 143.145, 174.289, 208.496, 224.055, 254.105]
CanvasKit positions: [0.000, 37.352, 52.910, 71.559, 102.703, 130.703, 161.848, 192.992, 207.539, 235.539]
Chromium advances: [37.352, 18.648, 21.793, 34.207, 31.145, 31.145, 34.207, 15.559, 30.051]
CanvasKit advances: [37.352, 15.559, 18.648, 31.145, 28.000, 31.145, 31.145, 14.547, 28.000]
Advance diffs: [0.000, 3.089, 3.145, 3.062, 3.145, 0.000, 3.062, 1.012, 2.051]
Max diff: 21.711, Avg diff: 11.197

--- MISMATCH #68 ---
Text: "Stroke Only"
Original text: "Stroke Only..."
Style: fontSize=56, letterSpacing=0, wordSpacing=0
Text length: 11, Chromium glyphs: 11, CK glyphs: 11
Char codes: 83, 116, 114, 111, 107, 101, 32, 79, 110, 108, 121
Chromium glyphs: [54, 87, 85, 82, 78, 72, 3, 50, 81, 79...]
CanvasKit glyphs: [54, 87, 85, 82, 78, 72, 3, 50, 81, 79...]
Chromium positions: [0.000, 37.352, 56.000, 77.793, 112.000, 143.145, 174.289, 189.848, 233.406, 267.613]
CanvasKit positions: [0.000, 37.352, 52.910, 71.559, 102.703, 130.703, 161.848, 177.406, 220.965, 252.109]
Chromium advances: [37.352, 18.648, 21.793, 34.207, 31.145, 31.145, 15.559, 43.559, 34.207]
CanvasKit advances: [37.352, 15.559, 18.648, 31.145, 28.000, 31.145, 15.559, 43.559, 31.145]
Advance diffs: [0.000, 3.089, 3.145, 3.062, 3.145, 0.000, 0.000, 0.000, 3.062]
Max diff: 18.621, Avg diff: 9.319

--- MISMATCH #69 ---
Text: "Font Weights"
Original text: "Font Weights..."
Style: fontSize=37.439998626709, letterSpacing=0, wordSpacing=0
Text length: 12, Chromium glyphs: 12, CK glyphs: 12
Char codes: 70, 111, 110, 116, 32, 87, 101, 105, 103, 104, 116, 115
Chromium glyphs: [41, 82, 81, 87, 3, 58, 72, 76, 74, 75...]
CanvasKit glyphs: [41, 82, 81, 87, 3, 58, 72, 76, 74, 75...]
Chromium positions: [0.000, 22.864, 45.727, 68.591, 81.056, 91.455, 126.107, 146.924, 157.323, 180.187]
CanvasKit positions: [0.000, 22.868, 43.689, 64.510, 74.912, 85.313, 119.972, 140.793, 149.110, 169.931]
Chromium advances: [22.864, 22.864, 22.864, 12.464, 10.399, 34.652, 20.817, 10.399, 22.864]
CanvasKit advances: [22.868, 20.821, 20.821, 10.401, 10.401, 34.659, 20.821, 8.317, 20.821]
Advance diffs: [-0.004, 2.043, 2.043, 2.063, -0.002, -0.007, -0.004, 2.082, 2.043]
Max diff: 14.361, Avg diff: 6.317

--- MISMATCH #70 ---
Text: "Semibold (600)"
Original text: "Semibold (600)..."
Style: fontSize=32, letterSpacing=0, wordSpacing=0
Text length: 14, Chromium glyphs: 14, CK glyphs: 14
Char codes: 83, 101, 109, 105, 98, 111, 108, 100, 32, 40, 54, 48, 48, 41
Chromium glyphs: [54, 72, 80, 76, 69, 82, 79, 71, 3, 11...]
CanvasKit glyphs: [54, 72, 80, 76, 69, 82, 79, 71, 3, 11...]
Chromium positions: [0.000, 21.344, 39.141, 67.594, 76.484, 96.031, 115.578, 124.469, 144.016, 152.906]
CanvasKit positions: [0.000, 21.344, 39.141, 65.797, 72.906, 90.703, 108.500, 115.609, 133.406, 142.297]
Chromium advances: [21.344, 17.797, 28.453, 8.891, 19.547, 19.547, 8.891, 19.547, 8.891]
CanvasKit advances: [21.344, 17.797, 26.656, 7.109, 17.797, 17.797, 7.109, 17.797, 8.891]
Advance diffs: [0.000, 0.000, 1.797, 1.782, 1.750, 1.750, 1.782, 1.750, 0.000]
Max diff: 10.609, Avg diff: 6.450

--- MISMATCH #71 ---
Text: "Bold (700)"
Original text: "Bold (700)..."
Style: fontSize=32, letterSpacing=0, wordSpacing=0
Text length: 10, Chromium glyphs: 10, CK glyphs: 10
Char codes: 66, 111, 108, 100, 32, 40, 55, 48, 48, 41
Chromium glyphs: [37, 82, 79, 71, 3, 11, 26, 19, 19, 12]
CanvasKit glyphs: [37, 82, 79, 71, 3, 11, 26, 19, 19, 12]
Chromium positions: [0.000, 23.109, 42.656, 51.547, 71.094, 79.984, 90.641, 108.438, 126.234, 144.031]
CanvasKit positions: [0.000, 21.344, 39.141, 46.250, 64.047, 72.938, 83.594, 101.391, 119.188, 136.984]
Chromium advances: [23.109, 19.547, 8.891, 19.547, 8.891, 10.656, 17.797, 17.797, 17.797]
CanvasKit advances: [21.344, 17.797, 7.109, 17.797, 8.891, 10.656, 17.797, 17.797, 17.797]
Advance diffs: [1.765, 1.750, 1.782, 1.750, 0.000, 0.000, 0.000, 0.000, 0.000]
Max diff: 7.047, Avg diff: 5.286

--- MISMATCH #72 ---
Text: "Letter Spacing"
Original text: "Letter Spacing..."
Style: fontSize=37.439998626709, letterSpacing=0, wordSpacing=0
Text length: 14, Chromium glyphs: 14, CK glyphs: 14
Char codes: 76, 101, 116, 116, 101, 114, 32, 83, 112, 97, 99, 105, 110, 103
Chromium glyphs: [47, 72, 87, 87, 72, 85, 3, 54, 83, 68...]
CanvasKit glyphs: [47, 72, 87, 87, 72, 85, 3, 54, 83, 68...]
Chromium positions: [0.000, 22.864, 43.680, 56.145, 68.609, 89.426, 103.992, 114.392, 139.357, 162.221]
CanvasKit positions: [0.000, 20.821, 41.642, 52.043, 62.445, 83.266, 95.733, 106.134, 131.104, 151.925]
Chromium advances: [22.864, 20.817, 12.464, 12.464, 20.817, 14.566, 10.399, 24.966, 22.864]
CanvasKit advances: [20.821, 20.821, 10.401, 10.401, 20.821, 12.467, 10.401, 24.971, 20.821]
Advance diffs: [2.043, -0.004, 2.063, 2.063, -0.004, 2.099, -0.002, -0.005, 2.043]
Max diff: 16.514, Avg diff: 7.803

--- MISMATCH #73 ---
Text: "Tight spacing (-1px)"
Original text: "Tight spacing (-1px)..."
Style: fontSize=32, letterSpacing=-2, wordSpacing=0
Text length: 20, Chromium glyphs: 20, CK glyphs: 20
Char codes: 84, 105, 103, 104, 116, 32, 115, 112, 97, 99, 105, 110, 103, 32, 40
Chromium glyphs: [55, 76, 74, 75, 87, 3, 86, 83, 68, 70...]
CanvasKit glyphs: [55, 76, 74, 75, 87, 3, 86, 83, 68, 70...]
Chromium positions: [0.000, 16.359, 21.469, 37.266, 53.063, 59.953, 66.844, 80.844, 96.641, 112.438]
CanvasKit positions: [-1.000, 15.359, 20.469, 36.266, 52.063, 58.953, 65.844, 79.844, 95.641, 111.438]
Chromium advances: [16.359, 5.109, 15.797, 15.797, 6.891, 6.891, 14.000, 15.797, 15.797]
CanvasKit advances: [16.359, 5.109, 15.797, 15.797, 6.891, 6.891, 14.000, 15.797, 15.797]
Advance diffs: [0.000, 0.000, 0.000, 0.000, 0.000, 0.000, 0.000, 0.000, 0.000]
Max diff: 1.000, Avg diff: 1.000

--- MISMATCH #74 ---
Text: "Wide spacing (2px)"
Original text: "Wide spacing (2px)..."
Style: fontSize=32, letterSpacing=4, wordSpacing=0
Text length: 18, Chromium glyphs: 18, CK glyphs: 18
Char codes: 87, 105, 100, 101, 32, 115, 112, 97, 99, 105, 110, 103, 32, 40, 50
Chromium glyphs: [58, 76, 71, 72, 3, 86, 83, 68, 70, 76...]
CanvasKit glyphs: [58, 76, 71, 72, 3, 86, 83, 68, 70, 76...]
Chromium positions: [0.000, 34.203, 45.313, 67.109, 88.906, 101.797, 121.797, 143.594, 165.391, 185.391]
CanvasKit positions: [2.000, 36.203, 47.313, 69.109, 90.906, 103.797, 123.797, 145.594, 167.391, 187.391]
Chromium advances: [34.203, 11.109, 21.797, 21.797, 12.891, 20.000, 21.797, 21.797, 20.000]
CanvasKit advances: [34.203, 11.109, 21.797, 21.797, 12.891, 20.000, 21.797, 21.797, 20.000]
Advance diffs: [0.000, 0.000, 0.000, 0.000, 0.000, 0.000, 0.000, 0.000, 0.000]
Max diff: 2.000, Avg diff: 2.000

--- MISMATCH #75 ---
Text: "Wider spacing (4px)"
Original text: "Wider spacing (4px)..."
Style: fontSize=32, letterSpacing=8, wordSpacing=0
Text length: 19, Chromium glyphs: 19, CK glyphs: 19
Char codes: 87, 105, 100, 101, 114, 32, 115, 112, 97, 99, 105, 110, 103, 32, 40
Chromium glyphs: [58, 76, 71, 72, 85, 3, 86, 83, 68, 70...]
CanvasKit glyphs: [58, 76, 71, 72, 85, 3, 86, 83, 68, 70...]
Chromium positions: [0.000, 38.203, 53.313, 79.109, 104.906, 123.563, 140.453, 164.453, 190.250, 216.047]
CanvasKit positions: [4.000, 42.203, 57.313, 83.109, 108.906, 127.563, 144.453, 168.453, 194.250, 220.047]
Chromium advances: [38.203, 15.109, 25.797, 25.797, 18.656, 16.891, 24.000, 25.797, 25.797]
CanvasKit advances: [38.203, 15.109, 25.797, 25.797, 18.656, 16.891, 24.000, 25.797, 25.797]
Advance diffs: [0.000, 0.000, 0.000, 0.000, 0.000, 0.000, 0.000, 0.000, 0.000]
Max diff: 4.000, Avg diff: 4.000

--- MISMATCH #76 ---
Text: "Text Transform"
Original text: "Text Transform..."
Style: fontSize=37.439998626709, letterSpacing=0, wordSpacing=0
Text length: 14, Chromium glyphs: 14, CK glyphs: 14
Char codes: 84, 101, 120, 116, 32, 84, 114, 97, 110, 115, 102, 111, 114, 109
Chromium glyphs: [55, 72, 91, 87, 3, 55, 85, 68, 81, 86...]
CanvasKit glyphs: [55, 72, 91, 87, 3, 55, 85, 68, 81, 86...]
Chromium positions: [0.000, 20.086, 40.902, 61.719, 74.184, 84.583, 105.381, 119.948, 140.765, 163.628]
CanvasKit positions: [0.000, 18.718, 39.539, 58.258, 68.660, 78.384, 99.863, 112.330, 133.151, 153.972]
Chromium advances: [20.086, 20.817, 20.817, 12.464, 10.399, 20.798, 14.566, 20.817, 22.864]
CanvasKit advances: [18.718, 20.821, 18.719, 10.401, 9.725, 21.479, 12.467, 20.821, 20.821]
Advance diffs: [1.368, -0.004, 2.098, 2.063, 0.674, -0.681, 2.099, -0.004, 2.043]
Max diff: 17.959, Avg diff: 7.693

--- MISMATCH #77 ---
Text: "Text Decoration"
Original text: "Text Decoration..."
Style: fontSize=37.439998626709, letterSpacing=0, wordSpacing=0
Text length: 15, Chromium glyphs: 15, CK glyphs: 15
Char codes: 84, 101, 120, 116, 32, 68, 101, 99, 111, 114, 97, 116, 105, 111, 110
Chromium glyphs: [55, 72, 91, 87, 3, 39, 72, 70, 82, 85...]
CanvasKit glyphs: [55, 72, 91, 87, 3, 39, 72, 70, 82, 85...]
Chromium positions: [0.000, 20.086, 40.902, 61.719, 74.184, 84.583, 111.614, 132.431, 153.247, 176.111]
CanvasKit positions: [0.000, 18.718, 39.539, 58.258, 68.660, 79.061, 106.097, 126.918, 145.637, 166.458]
Chromium advances: [20.086, 20.817, 20.817, 12.464, 10.399, 27.031, 20.817, 20.817, 22.864]
CanvasKit advances: [18.718, 20.821, 18.719, 10.401, 10.401, 27.036, 20.821, 18.719, 20.821]
Advance diffs: [1.368, -0.004, 2.098, 2.063, -0.002, -0.005, -0.004, 2.098, 2.043]
Max diff: 17.936, Avg diff: 7.778

--- MISMATCH #78 ---
Text: "Text Shadow"
Original text: "Text Shadow..."
Style: fontSize=37.439998626709, letterSpacing=0, wordSpacing=0
Text length: 11, Chromium glyphs: 11, CK glyphs: 11
Char codes: 84, 101, 120, 116, 32, 83, 104, 97, 100, 111, 119
Chromium glyphs: [55, 72, 91, 87, 3, 54, 75, 68, 71, 82...]
CanvasKit glyphs: [55, 72, 91, 87, 3, 54, 75, 68, 71, 82...]
Chromium positions: [0.000, 20.086, 40.902, 61.719, 74.184, 84.583, 109.549, 132.412, 153.229, 176.093]
CanvasKit positions: [0.000, 18.718, 39.539, 58.258, 68.660, 79.061, 104.031, 124.852, 145.673, 166.494]
Chromium advances: [20.086, 20.817, 20.817, 12.464, 10.399, 24.966, 22.864, 20.817, 22.864]
CanvasKit advances: [18.718, 20.821, 18.719, 10.401, 10.401, 24.971, 20.821, 20.821, 20.821]
Advance diffs: [1.368, -0.004, 2.098, 2.063, -0.002, -0.005, 2.043, -0.004, 2.043]
Max diff: 11.641, Avg diff: 5.374

--- MISMATCH #79 ---
Text: "Writing Mode & Direction"
Original text: "Writing Mode & Direction..."
Style: fontSize=37.439998626709, letterSpacing=0, wordSpacing=0
Text length: 24, Chromium glyphs: 24, CK glyphs: 24
Char codes: 87, 114, 105, 116, 105, 110, 103, 32, 77, 111, 100, 101, 32, 38, 32
Chromium glyphs: [58, 85, 76, 87, 76, 81, 74, 3, 48, 82...]
CanvasKit glyphs: [58, 85, 76, 87, 76, 81, 74, 3, 48, 82...]
Chromium positions: [0.000, 34.652, 49.218, 59.617, 72.082, 82.481, 105.345, 128.209, 138.608, 169.787]
CanvasKit positions: [0.000, 34.659, 47.126, 55.443, 65.845, 74.162, 94.983, 115.804, 126.205, 157.391]
Chromium advances: [34.652, 14.566, 10.399, 12.464, 10.399, 22.864, 22.864, 10.399, 31.179]
CanvasKit advances: [34.659, 12.467, 8.317, 10.401, 8.317, 20.821, 20.821, 10.401, 31.186]
Advance diffs: [-0.007, 2.099, 2.082, 2.063, 2.082, 2.043, 2.043, -0.002, -0.007]
Max diff: 30.991, Avg diff: 15.229

--- MISMATCH #80 ---
Text: "Box Shadow - Basic"
Original text: "Box Shadow - Basic..."
Style: fontSize=37.439998626709, letterSpacing=0, wordSpacing=0
Text length: 18, Chromium glyphs: 18, CK glyphs: 18
Char codes: 66, 111, 120, 32, 83, 104, 97, 100, 111, 119, 32, 45, 32, 66, 97
Chromium glyphs: [37, 82, 91, 3, 54, 75, 68, 71, 82, 90...]
CanvasKit glyphs: [37, 82, 91, 3, 54, 75, 68, 71, 82, 90...]
Chromium positions: [0.000, 27.031, 49.894, 70.711, 81.110, 106.076, 128.940, 149.757, 172.620, 195.484]
CanvasKit positions: [0.000, 24.971, 45.791, 64.510, 74.912, 99.882, 120.703, 141.524, 162.345, 183.166]
Chromium advances: [27.031, 22.864, 20.817, 10.399, 24.966, 22.864, 20.817, 22.864, 22.864]
CanvasKit advances: [24.971, 20.821, 18.719, 10.401, 24.971, 20.821, 20.821, 20.821, 20.821]
Advance diffs: [2.060, 2.043, 2.098, -0.002, -0.005, 2.043, -0.004, 2.043, 2.043]
Max diff: 20.625, Avg diff: 10.747

--- MISMATCH #81 ---
Text: "Box Shadow - Inset"
Original text: "Box Shadow - Inset..."
Style: fontSize=37.439998626709, letterSpacing=0, wordSpacing=0
Text length: 18, Chromium glyphs: 18, CK glyphs: 18
Char codes: 66, 111, 120, 32, 83, 104, 97, 100, 111, 119, 32, 45, 32, 73, 110
Chromium glyphs: [37, 82, 91, 3, 54, 75, 68, 71, 82, 90...]
CanvasKit glyphs: [37, 82, 91, 3, 54, 75, 68, 71, 82, 90...]
Chromium positions: [0.000, 27.031, 49.894, 70.711, 81.110, 106.076, 128.940, 149.757, 172.620, 195.484]
CanvasKit positions: [0.000, 24.971, 45.791, 64.510, 74.912, 99.882, 120.703, 141.524, 162.345, 183.166]
Chromium advances: [27.031, 22.864, 20.817, 10.399, 24.966, 22.864, 20.817, 22.864, 22.864]
CanvasKit advances: [24.971, 20.821, 18.719, 10.401, 24.971, 20.821, 20.821, 20.821, 20.821]
Advance diffs: [2.060, 2.043, 2.098, -0.002, -0.005, 2.043, -0.004, 2.043, 2.043]
Max diff: 18.528, Avg diff: 10.514

--- MISMATCH #82 ---
Text: "Box Shadow - Spread Radius"
Original text: "Box Shadow - Spread Radius..."
Style: fontSize=37.439998626709, letterSpacing=0, wordSpacing=0
Text length: 26, Chromium glyphs: 26, CK glyphs: 26
Char codes: 66, 111, 120, 32, 83, 104, 97, 100, 111, 119, 32, 45, 32, 83, 112
Chromium glyphs: [37, 82, 91, 3, 54, 75, 68, 71, 82, 90...]
CanvasKit glyphs: [37, 82, 91, 3, 54, 75, 68, 71, 82, 90...]
Chromium positions: [0.000, 27.031, 49.894, 70.711, 81.110, 106.076, 128.940, 149.757, 172.620, 195.484]
CanvasKit positions: [0.000, 24.971, 45.791, 64.510, 74.912, 99.882, 120.703, 141.524, 162.345, 183.166]
Chromium advances: [27.031, 22.864, 20.817, 10.399, 24.966, 22.864, 20.817, 22.864, 22.864]
CanvasKit advances: [24.971, 20.821, 18.719, 10.401, 24.971, 20.821, 20.821, 20.821, 20.821]
Advance diffs: [2.060, 2.043, 2.098, -0.002, -0.005, 2.043, -0.004, 2.043, 2.043]
Max diff: 26.717, Avg diff: 13.999

--- MISMATCH #83 ---
Text: "Box Shadow - Combined"
Original text: "Box Shadow - Combined..."
Style: fontSize=37.439998626709, letterSpacing=0, wordSpacing=0
Text length: 21, Chromium glyphs: 21, CK glyphs: 21
Char codes: 66, 111, 120, 32, 83, 104, 97, 100, 111, 119, 32, 45, 32, 67, 111
Chromium glyphs: [37, 82, 91, 3, 54, 75, 68, 71, 82, 90...]
CanvasKit glyphs: [37, 82, 91, 3, 54, 75, 68, 71, 82, 90...]
Chromium positions: [0.000, 27.031, 49.894, 70.711, 81.110, 106.076, 128.940, 149.757, 172.620, 195.484]
CanvasKit positions: [0.000, 24.971, 45.791, 64.510, 74.912, 99.882, 120.703, 141.524, 162.345, 183.166]
Chromium advances: [27.031, 22.864, 20.817, 10.399, 24.966, 22.864, 20.817, 22.864, 22.864]
CanvasKit advances: [24.971, 20.821, 18.719, 10.401, 24.971, 20.821, 20.821, 20.821, 20.821]
Advance diffs: [2.060, 2.043, 2.098, -0.002, -0.005, 2.043, -0.004, 2.043, 2.043]
Max diff: 24.690, Avg diff: 12.539

--- MISMATCH #84 ---
Text: "Opacity Variations"
Original text: "Opacity Variations..."
Style: fontSize=37.439998626709, letterSpacing=0, wordSpacing=0
Text length: 18, Chromium glyphs: 18, CK glyphs: 18
Char codes: 79, 112, 97, 99, 105, 116, 121, 32, 86, 97, 114, 105, 97, 116, 105
Chromium glyphs: [50, 83, 68, 70, 76, 87, 92, 3, 57, 68...]
CanvasKit glyphs: [50, 83, 68, 70, 76, 87, 92, 3, 57, 68...]
Chromium positions: [0.000, 29.114, 51.978, 72.795, 93.612, 104.011, 116.475, 137.292, 147.691, 170.592]
CanvasKit positions: [0.000, 29.120, 49.941, 70.762, 89.481, 97.798, 108.199, 126.918, 137.320, 159.511]
Chromium advances: [29.114, 22.864, 20.817, 20.817, 10.399, 12.464, 20.817, 10.399, 22.900]
CanvasKit advances: [29.120, 20.821, 20.821, 18.719, 8.317, 10.401, 18.719, 10.401, 22.192]
Advance diffs: [-0.006, 2.043, -0.004, 2.098, 2.082, 2.063, 2.098, -0.002, 0.708]
Max diff: 23.483, Avg diff: 10.607

--- MISMATCH #85 ---
Text: "Product"
Original text: "Product..."
Style: fontSize=28, letterSpacing=0, wordSpacing=0
Text length: 7, Chromium glyphs: 7, CK glyphs: 7
Char codes: 80, 114, 111, 100, 117, 99, 116
Chromium glyphs: [51, 85, 82, 71, 88, 70, 87]
CanvasKit glyphs: [51, 85, 82, 71, 88, 70, 87]
Chromium positions: [0.000, 18.676, 29.572, 46.676, 63.779, 80.883, 96.455]
CanvasKit positions: [0.000, 18.676, 28.000, 43.572, 59.145, 74.717, 88.717]
Chromium advances: [18.676, 10.896, 17.104, 17.104, 17.104, 15.572]
CanvasKit advances: [18.676, 9.324, 15.572, 15.572, 15.572, 14.000]
Advance diffs: [0.000, 1.572, 1.532, 1.532, 1.532, 1.572]
Max diff: 7.738, Avg diff: 3.316

--- MISMATCH #86 ---
Text: "Company"
Original text: "Company..."
Style: fontSize=28, letterSpacing=0, wordSpacing=0
Text length: 7, Chromium glyphs: 7, CK glyphs: 7
Char codes: 67, 111, 109, 112, 97, 110, 121
Chromium glyphs: [38, 82, 80, 83, 68, 81, 92]
CanvasKit glyphs: [38, 82, 80, 83, 68, 81, 92]
Chromium positions: [0.000, 20.221, 37.324, 62.221, 79.324, 94.896, 112.000]
CanvasKit positions: [0.000, 20.221, 35.793, 59.117, 74.689, 90.262, 105.834]
Chromium advances: [20.221, 17.104, 24.896, 17.104, 15.572, 17.104]
CanvasKit advances: [20.221, 15.572, 23.324, 15.572, 15.572, 15.572]
Advance diffs: [0.000, 1.532, 1.572, 1.532, 0.000, 1.532]
Max diff: 6.166, Avg diff: 2.867

--- MISMATCH #87 ---
Text: "Legal"
Original text: "Legal..."
Style: fontSize=28, letterSpacing=0, wordSpacing=0
Text length: 5, Chromium glyphs: 5, CK glyphs: 5
Char codes: 76, 101, 103, 97, 108
Chromium glyphs: [47, 72, 74, 68, 79]
CanvasKit glyphs: [47, 72, 74, 68, 79]
Chromium positions: [0.000, 17.104, 32.676, 49.779, 65.352]
CanvasKit positions: [0.000, 15.572, 31.145, 46.717, 62.289]
Chromium advances: [17.104, 15.572, 17.104, 15.572]
CanvasKit advances: [15.572, 15.572, 15.572, 15.572]
Advance diffs: [1.532, 0.000, 1.532, 0.000]
Max diff: 3.063, Avg diff: 1.837

=== SUMMARY ===
Total: 288, Matches: 201, Mismatches: 87
Match rate: 69.8%
Length mismatches: 2
Glyph ID mismatches: 2
Small diffs (<1px): 0
Medium diffs (1-5px): 15
Large diffs (>5px): 70
Fractional font sizes: 36
By font: {"Arial-48":2,"Arial-32":26,"Arial-37.439998626709":36,"Arial-26":4,"Arial-22":4,"Arial-36":2,"Arial-28":4,"Arial-18":3,"Arial-24":1,"Arial-56":3}